<?xml version="1.0" encoding="UTF-8"?>
<!-- Generated by org.testng.reporters.JUnitReportReporter -->
<testsuite hostname="DESKTOP-AH277TJ" failures="0" tests="6" name="test.CheckOutTest" time="4.924" errors="0" timestamp="2025-05-21T10:10:21 IST" skipped="0">
  <testcase classname="test.CheckOutTest" name="testEmptyLastName" time="0.840"/>
  <testcase classname="test.CheckOutTest" name="testCompleteMessage" time="0.893"/>
  <testcase classname="test.CheckOutTest" name="testAllEmpty" time="0.878"/>
  <testcase classname="test.CheckOutTest" name="testEmptyFirstName" time="0.855"/>
  <testcase classname="test.CheckOutTest" name="testEmptyPostalCode" time="0.844"/>
  <testcase classname="test.CheckOutTest" name="testCancelCheckOut" time="0.614"/>
</testsuite> <!-- test.CheckOutTest -->
