<?xml version="1.0" encoding="UTF-8"?>
<!-- Generated by org.testng.reporters.JUnitReportReporter -->
<testsuite hostname="DESKTOP-AH277TJ" failures="0" tests="4" name="test.LoginTest" time="2.847" errors="0" timestamp="2025-05-21T10:10:21 IST" skipped="0">
  <testcase classname="test.LoginTest" name="LoginLockedoutUser" time="0.888"/>
  <testcase classname="test.LoginTest" name="LoginEmptyUser" time="1.016"/>
  <testcase classname="test.LoginTest" name="LoginInvalidTest" time="0.420"/>
  <testcase classname="test.LoginTest" name="LoginValidTest" time="0.523"/>
</testsuite> <!-- test.LoginTest -->
