<?xml version="1.0" encoding="UTF-8"?>
<!-- Generated by org.testng.reporters.JUnitReportReporter -->
<testsuite hostname="DESKTOP-AH277TJ" failures="0" tests="1" name="test.AIintegration" time="1.742" errors="0" timestamp="2025-05-20T10:07:41 IST" skipped="0">
  <testcase classname="test.AIintegration" name="something" time="1.742"/>
</testsuite> <!-- test.AIintegration -->
