<?xml version="1.0" encoding="UTF-8"?>
<!-- Generated by org.testng.reporters.JUnitReportReporter -->
<testsuite hostname="DESKTOP-AH277TJ" failures="0" tests="4" name="test.CartTest" time="3.023" errors="0" timestamp="2025-05-21T10:10:21 IST" skipped="0">
  <testcase classname="test.CartTest" name="testCheckOutbtn" time="0.253"/>
  <testcase classname="test.CartTest" name="testContinueShopping" time="0.581"/>
  <testcase classname="test.CartTest" name="isItemBackPackRemoved" time="1.541"/>
  <testcase classname="test.CartTest" name="checkItemsAddedCart" time="0.648"/>
</testsuite> <!-- test.CartTest -->
