<?xml version="1.0" encoding="UTF-8"?>
<!-- Generated by org.testng.reporters.JUnitReportReporter -->
<testsuite hostname="DESKTOP-AH277TJ" failures="0" tests="5" name="test.InventoryTest" time="1.217" errors="0" timestamp="2025-05-21T10:10:21 IST" skipped="0">
  <testcase classname="test.InventoryTest" name="testOpenProductDetails" time="0.186"/>
  <testcase classname="test.InventoryTest" name="testAddItemToCart" time="0.370"/>
  <testcase classname="test.InventoryTest" name="testExpectedNoOfItems" time="0.113"/>
  <testcase classname="test.InventoryTest" name="testRemoveItemCart" time="0.321"/>
  <testcase classname="test.InventoryTest" name="testOpenCart" time="0.227"/>
</testsuite> <!-- test.InventoryTest -->
