<?xml version="1.0" encoding="UTF-8"?>
<!-- Generated by org.testng.reporters.JUnitReportReporter -->
<testsuite hostname="DESKTOP-AH277TJ" failures="0" tests="1" name="test.LogOutTest" time="1.092" errors="0" timestamp="2025-05-18T10:13:32 IST" skipped="0">
  <testcase classname="test.LogOutTest" name="testLogOut" time="1.092"/>
</testsuite> <!-- test.LogOutTest -->
