<?xml version="1.0" encoding="UTF-8"?>
<!-- Generated by org.testng.reporters.JUnitReportReporter -->
<testsuite hostname="DESKTOP-AH277TJ" failures="0" tests="4" name="test.CartTest" time="5.963" errors="0" timestamp="2025-05-18T10:13:32 IST" skipped="0">
  <testcase classname="test.CartTest" name="testCheckOutbtn" time="0.402"/>
  <testcase classname="test.CartTest" name="testContinueShopping" time="1.558"/>
  <testcase classname="test.CartTest" name="isItemBackPackRemoved" time="2.392"/>
  <testcase classname="test.CartTest" name="checkItemsAddedCart" time="1.611"/>
</testsuite> <!-- test.CartTest -->
