<?xml version="1.0" encoding="UTF-8"?>
<!-- Generated by org.testng.reporters.JUnitReportReporter -->
<testsuite hostname="DESKTOP-AH277TJ" failures="0" tests="1" name="test.LogOutTest" time="0.769" errors="0" timestamp="2025-05-21T10:10:21 IST" skipped="0">
  <testcase classname="test.LogOutTest" name="testLogOut" time="0.769"/>
</testsuite> <!-- test.LogOutTest -->
