<?xml version="1.0" encoding="UTF-8"?>
<!-- Generated by org.testng.reporters.JUnitReportReporter -->
<testsuite hostname="DESKTOP-AH277TJ" failures="0" tests="4" name="test.LoginTest" time="4.889" errors="0" timestamp="2025-05-18T10:13:32 IST" skipped="0">
  <testcase classname="test.LoginTest" name="LoginInvalidTest" time="1.019"/>
  <testcase classname="test.LoginTest" name="LoginEmptyUser" time="0.717"/>
  <testcase classname="test.LoginTest" name="LoginLockedoutUser" time="2.200"/>
  <testcase classname="test.LoginTest" name="LoginValidTest" time="0.953"/>
</testsuite> <!-- test.LoginTest -->
