<?xml version="1.0" encoding="UTF-8"?>
<!-- Generated by org.testng.reporters.JUnitReportReporter -->
<testsuite hostname="DESKTOP-AH277TJ" failures="0" tests="5" name="test.InventoryTest" time="2.374" errors="0" timestamp="2025-05-18T10:13:32 IST" skipped="0">
  <testcase classname="test.InventoryTest" name="testOpenCart" time="0.198"/>
  <testcase classname="test.InventoryTest" name="testExpectedNoOfItems" time="0.110"/>
  <testcase classname="test.InventoryTest" name="testAddItemToCart" time="0.957"/>
  <testcase classname="test.InventoryTest" name="testOpenProductDetails" time="0.263"/>
  <testcase classname="test.InventoryTest" name="testRemoveItemCart" time="0.846"/>
</testsuite> <!-- test.InventoryTest -->
