<?xml version="1.0" encoding="UTF-8"?>
<!-- Generated by org.testng.reporters.JUnitReportReporter -->
<testsuite hostname="DESKTOP-AH277TJ" failures="0" tests="6" name="test.CheckOutTest" time="12.505" errors="0" timestamp="2025-05-18T10:13:32 IST" skipped="0">
  <testcase classname="test.CheckOutTest" name="testEmptyFirstName" time="2.224"/>
  <testcase classname="test.CheckOutTest" name="testCancelCheckOut" time="1.666"/>
  <testcase classname="test.CheckOutTest" name="testEmptyPostalCode" time="2.351"/>
  <testcase classname="test.CheckOutTest" name="testCompleteMessage" time="2.254"/>
  <testcase classname="test.CheckOutTest" name="testAllEmpty" time="2.018"/>
  <testcase classname="test.CheckOutTest" name="testEmptyLastName" time="1.992"/>
</testsuite> <!-- test.CheckOutTest -->
